<?xml version="1.0" encoding="UTF-8"?>
<testng-results ignored="0" total="1" passed="1" failed="0" skipped="0">
  <reporter-output>
  </reporter-output>
  <suite started-at="2024-02-26T03:50:00 WIB" name="Default suite" finished-at="2024-02-26T03:55:38 WIB" duration-ms="337670">
    <groups>
    </groups>
    <test started-at="2024-02-26T03:50:00 WIB" name="Default test" finished-at="2024-02-26T03:55:38 WIB" duration-ms="337670">
      <class name="rudiproject.property.SearchLocationBandungRent">
        <test-method signature="searchlocationRent()[pri:0, instance:rudiproject.property.SearchLocationBandungRent@19bb07ed]" started-at="2024-02-26T03:50:00 WIB" name="searchlocationRent" finished-at="2024-02-26T03:55:37 WIB" duration-ms="337511" status="PASS">
          <reporter-output>
          </reporter-output>
        </test-method> <!-- searchlocationRent -->
      </class> <!-- rudiproject.property.SearchLocationBandungRent -->
    </test> <!-- Default test -->
  </suite> <!-- Default suite -->
</testng-results>
